<?xml version="1.0" encoding="UTF-8"?>
<testsuite xmlns:xsi="http://www.w3.org/2001/XMLSchema-instance" xsi:noNamespaceSchemaLocation="https://maven.apache.org/surefire/maven-surefire-plugin/xsd/surefire-test-report-3.0.xsd" version="3.0" name="flightapp.FlightServiceTest" time="29.998" tests="11" errors="0" skipped="0" failures="0">
  <properties>
[...]
</properties>
  <testcase name="runTest[0]" classname="flightapp.FlightServiceTest" time="1.617">
    <system-out><![CDATA[Running test setup...
... using dbconn.properties for test credentials
... resetting database (ie, dropping all tables with suffix: ayush123)
... running createTables.sql

Starting tests
Running test file: /Users/ayushagrawal/Downloads/AyushProgramming/hw5/cases/no_transaction/search/search_lessThanN.txt
]]></system-out>
  </testcase>
  <testcase name="runTest[1]" classname="flightapp.FlightServiceTest" time="4.626">
    <system-out><![CDATA[Running test file: /Users/ayushagrawal/Downloads/AyushProgramming/hw5/cases/no_transaction/search/search_topk.txt
]]></system-out>
  </testcase>
  <testcase name="runTest[2]" classname="flightapp.FlightServiceTest" time="2.462">
    <system-out><![CDATA[Running test file: /Users/ayushagrawal/Downloads/AyushProgramming/hw5/cases/no_transaction/search/search_basic.txt
]]></system-out>
  </testcase>
  <testcase name="runTest[3]" classname="flightapp.FlightServiceTest" time="4.409">
    <system-out><![CDATA[Running test file: /Users/ayushagrawal/Downloads/AyushProgramming/hw5/cases/no_transaction/search/search_noResults.txt
]]></system-out>
  </testcase>
  <testcase name="runTest[4]" classname="flightapp.FlightServiceTest" time="3.377">
    <system-out><![CDATA[Running test file: /Users/ayushagrawal/Downloads/AyushProgramming/hw5/cases/no_transaction/login/login_already.txt
]]></system-out>
  </testcase>
  <testcase name="runTest[5]" classname="flightapp.FlightServiceTest" time="1.931">
    <system-out><![CDATA[Running test file: /Users/ayushagrawal/Downloads/AyushProgramming/hw5/cases/no_transaction/login/login_wrongPassword.txt
]]></system-out>
  </testcase>
  <testcase name="runTest[6]" classname="flightapp.FlightServiceTest" time="1.972">
    <system-out><![CDATA[Running test file: /Users/ayushagrawal/Downloads/AyushProgramming/hw5/cases/no_transaction/login/login_single.txt
]]></system-out>
  </testcase>
  <testcase name="runTest[7]" classname="flightapp.FlightServiceTest" time="4.489">
    <system-out><![CDATA[Running test file: /Users/ayushagrawal/Downloads/AyushProgramming/hw5/cases/no_transaction/login/login_wrongPasswordMultipleThenCorrectLogin.txt
]]></system-out>
  </testcase>
  <testcase name="runTest[8]" classname="flightapp.FlightServiceTest" time="1.335">
    <system-out><![CDATA[Running test file: /Users/ayushagrawal/Downloads/AyushProgramming/hw5/cases/no_transaction/create/create_basic.txt
]]></system-out>
  </testcase>
  <testcase name="runTest[9]" classname="flightapp.FlightServiceTest" time="1.346">
    <system-out><![CDATA[Running test file: /Users/ayushagrawal/Downloads/AyushProgramming/hw5/cases/no_transaction/create/create_maliciousUsername.txt
]]></system-out>
  </testcase>
  <testcase name="runTest[10]" classname="flightapp.FlightServiceTest" time="0.653">
    <system-out><![CDATA[Running test file: /Users/ayushagrawal/Downloads/AyushProgramming/hw5/cases/no_transaction/create/create_negativeInitialAmount.txt
]]></system-out>
  </testcase>
</testsuite>